Build started 11/30/2011 11:18:46 PM.
     1>Project "C:\Users\Chris\Downloads\zlib125\zlib-1.2.5\contrib\vstudio\vc10\zlibstat.vcxproj" on node 4 (build target(s)).
     1>InitializeBuildStatus:
         Creating "x86\ZlibStatDebug\Tmp\zlibstat.unsuccessfulbuild" because "AlwaysCreate" was specified.
       ClCompile:
         C:\Program Files (x86)\Microsoft Visual Studio 10.0\VC\bin\CL.exe /c /I..\..\.. /I..\..\masmx86 /Z7 /nologo /W3 /WX- /Od /Oy- /D WIN32 /D ZLIB_WINAPI /D _CRT_NONSTDC_NO_DEPRECATE /D _CRT_SECURE_NO_DEPRECATE /D _CRT_NONSTDC_NO_WARNINGS /Gm- /MTd /GS- /fp:precise /Zc:wchar_t /Zc:forScope /Fo"x86\ZlibStatDebug\Tmp\\" /Fd"x86\ZlibStatDebug\vc100.pdb" /Gd /TC /analyze- /errorReport:prompt ..\..\..\adler32.c ..\..\..\compress.c ..\..\..\crc32.c ..\..\..\deflate.c ..\..\..\gzclose.c ..\..\..\gzlib.c ..\..\..\gzread.c ..\..\..\gzwrite.c ..\..\..\infback.c ..\..\..\inffast.c ..\..\..\inflate.c ..\..\..\inftrees.c ..\..\minizip\ioapi.c ..\..\..\trees.c ..\..\..\uncompr.c ..\..\minizip\unzip.c ..\..\minizip\zip.c ..\..\..\zutil.c
         adler32.c
         compress.c
         crc32.c
         deflate.c
         gzclose.c
         gzlib.c
         gzread.c
         gzwrite.c
         infback.c
         inffast.c
         inflate.c
         inftrees.c
         ioapi.c
         trees.c
         uncompr.c
         unzip.c
         zip.c
         zutil.c
         Generating Code...
       ResourceCompile:
         C:\Program Files (x86)\Microsoft SDKs\Windows\v7.0A\bin\rc.exe /l"0x040c" /nologo /fo"x86\ZlibStatDebug\Tmp\zlib.res" zlib.rc 
       Lib:
         C:\Program Files (x86)\Microsoft Visual Studio 10.0\VC\bin\Lib.exe /OUT:"x86\ZlibStatDebug\zlibstat.lib" /NOLOGO x86\ZlibStatDebug\Tmp\zlib.res
         x86\ZlibStatDebug\Tmp\adler32.obj
         x86\ZlibStatDebug\Tmp\compress.obj
         x86\ZlibStatDebug\Tmp\crc32.obj
         x86\ZlibStatDebug\Tmp\deflate.obj
         x86\ZlibStatDebug\Tmp\gzclose.obj
         x86\ZlibStatDebug\Tmp\gzlib.obj
         x86\ZlibStatDebug\Tmp\gzread.obj
         x86\ZlibStatDebug\Tmp\gzwrite.obj
         x86\ZlibStatDebug\Tmp\infback.obj
         x86\ZlibStatDebug\Tmp\inffast.obj
         x86\ZlibStatDebug\Tmp\inflate.obj
         x86\ZlibStatDebug\Tmp\inftrees.obj
         x86\ZlibStatDebug\Tmp\ioapi.obj
         x86\ZlibStatDebug\Tmp\trees.obj
         x86\ZlibStatDebug\Tmp\uncompr.obj
         x86\ZlibStatDebug\Tmp\unzip.obj
         x86\ZlibStatDebug\Tmp\zip.obj
         x86\ZlibStatDebug\Tmp\zutil.obj /MACHINE:X86 /NODEFAULTLIB 
         zlibstat.vcxproj -> C:\Users\Chris\Downloads\zlib125\zlib-1.2.5\contrib\vstudio\vc10\x86\ZlibStatDebug\zlibstat.lib
       FinalizeBuildStatus:
         Deleting file "x86\ZlibStatDebug\Tmp\zlibstat.unsuccessfulbuild".
         Touching "x86\ZlibStatDebug\Tmp\zlibstat.lastbuildstate".
     1>Done Building Project "C:\Users\Chris\Downloads\zlib125\zlib-1.2.5\contrib\vstudio\vc10\zlibstat.vcxproj" (build target(s)).

Build succeeded.

Time Elapsed 00:00:11.67
